2020.09.28 09:52:42 INFO  started: Metals version 0.9.4 in workspace 'D:\Proyectos\staff\scala-magnolia' for client vscode.
2020.09.28 09:52:42 INFO  time: initialize in 0.4s
2020.09.28 09:52:45 INFO  no build target: using presentation compiler with only scala-library
2020.09.28 09:52:50 INFO  running 'C:\Users\Joaquin\Apps\java\jdk1.8.0_261\bin\java -Djline.terminal=jline.UnsupportedTerminal -Dsbt.log.noformat=true -Dfile.encoding=UTF-8 -jar C:\Users\Joaquin\AppData\Local\Temp\metals6109747126459979312\sbt-launch.jar -Dbloop.export-jar-classifiers=sources bloopInstall'
2020.09.28 09:52:54 INFO  [info] welcome to sbt 1.3.13 (Oracle Corporation Java 1.8.0_261)
2020.09.28 09:52:56 INFO  [info] loading global plugins from C:\Users\Joaquin\.sbt\1.0\plugins
2020.09.28 09:52:57 INFO  [info] loading settings for project scala-magnolia-build-build from metals.sbt ...
2020.09.28 09:52:57 INFO  [info] loading project definition from D:\Proyectos\staff\scala-magnolia\project\project
2020.09.28 09:52:57 INFO  [info] loading settings for project scala-magnolia-build from metals.sbt ...
2020.09.28 09:52:57 INFO  [info] loading project definition from D:\Proyectos\staff\scala-magnolia\project
2020.09.28 09:53:03 INFO  [success] Generated .bloop\scala-magnolia-build.json
2020.09.28 09:53:03 INFO  [success] Total time: 5 s, completed 28-sep-2020 9:53:03
2020.09.28 09:53:03 INFO  [info] loading settings for project scala-magnolia from build.sbt ...
2020.09.28 09:53:03 INFO  [info] set current project to hello-world (in build file:/D:/Proyectos/staff/scala-magnolia/)
2020.09.28 09:53:04 INFO  [success] Generated .bloop\scala-magnolia.json
2020.09.28 09:53:04 INFO  [success] Generated .bloop\scala-magnolia-test.json
2020.09.28 09:53:04 INFO  [success] Total time: 0 s, completed 28-sep-2020 9:53:04
2020.09.28 09:53:04 INFO  build tool exit: 0
2020.09.28 09:53:04 INFO  time: ran 'sbt bloopInstall' in 13s
Starting the bsp launcher for bloop...
Opening a bsp server connection with 'bsp --protocol tcp --port 40424'...
Waiting for the bsp connection to come up...
Waiting for the bsp connection to come up...
Waiting for the bsp connection to come up...
Waiting for the bsp connection to come up...
Waiting for the bsp connection to come up...
Waiting for the bsp connection to come up...
2020.09.28 09:53:10 WARN  no build target for: D:\Proyectos\staff\scala-magnolia\src\main\scala\Main.scala
Waiting for the bsp connection to come up...
Waiting for the bsp connection to come up...
Waiting for the bsp connection to come up...
No server running at 127.0.0.1:8212, let's fire one...
Resolving ch.epfl.scala:bloop-frontend_2.12:1.4.4-13-408f4d80...
Starting bloop server at 127.0.0.1:8212...
Attempting a connection to the server...
[0m[32m[D][0m Loading 2 projects from 'd:\Proyectos\staff\scala-magnolia\.bloop'...
[0m[32m[D][0m Loading project from 'd:\Proyectos\staff\scala-magnolia\.bloop\scala-magnolia-test.json'
[0m[32m[D][0m Loading project from 'd:\Proyectos\staff\scala-magnolia\.bloop\scala-magnolia.json'
[0m[32m[D][0m Cache miss for scala instance org.scala-lang:scala-compiler:2.12.11.
[0m[32m[D][0m   => C:\Users\Joaquin\AppData\Local\Coursier\cache\v1\https\repo1.maven.org\maven2\jline\jline\2.14.6\jline-2.14.6.jar
[0m[32m[D][0m   => C:\Users\Joaquin\AppData\Local\Coursier\cache\v1\https\repo1.maven.org\maven2\org\fusesource\jansi\jansi\1.12\jansi-1.12.jar
[0m[32m[D][0m   => C:\Users\Joaquin\AppData\Local\Coursier\cache\v1\https\repo1.maven.org\maven2\org\scala-lang\modules\scala-xml_2.12\1.0.6\scala-xml_2.12-1.0.6.jar
[0m[32m[D][0m   => C:\Users\Joaquin\AppData\Local\Coursier\cache\v1\https\repo1.maven.org\maven2\org\scala-lang\scala-compiler\2.12.11\scala-compiler-2.12.11.jar
[0m[32m[D][0m   => C:\Users\Joaquin\AppData\Local\Coursier\cache\v1\https\repo1.maven.org\maven2\org\scala-lang\scala-library\2.12.11\scala-library-2.12.11.jar
[0m[32m[D][0m   => C:\Users\Joaquin\AppData\Local\Coursier\cache\v1\https\repo1.maven.org\maven2\org\scala-lang\scala-reflect\2.12.11\scala-reflect-2.12.11.jar
[0m[32m[D][0m Missing analysis file for project 'scala-magnolia-test'
[0m[32m[D][0m Missing analysis file for project 'scala-magnolia'
[0m[32m[D][0m Waiting for a connection at 127.0.0.1:40424...
The server is listening for incoming connections at tcp://127.0.0.1:40424...
Starting thread that pumps stdin and redirects it to the bsp server...
Starting thread that pumps server stdout and redirects it to the client stdout...
2020.09.28 09:53:15 INFO  tracing is disabled for protocol BSP, to enable tracing of incoming and outgoing JSON messages create an empty file at C:\Users\Joaquin\AppData\Local\scalameta\metals\cache\bsp.trace.json
2020.09.28 09:53:20 ERROR Timeout waiting for 'build/initialize' response
2020.09.28 09:53:20 ERROR Failed to connect with build server, no functionality will work.
java.util.concurrent.TimeoutException
	at java.util.concurrent.CompletableFuture.timedGet(CompletableFuture.java:1784)
	at java.util.concurrent.CompletableFuture.get(CompletableFuture.java:1928)
	at scala.meta.internal.metals.BuildServerConnection$.initialize(BuildServerConnection.scala:317)
	at scala.meta.internal.metals.BuildServerConnection$.$anonfun$fromSockets$1(BuildServerConnection.scala:252)
	at scala.util.Success.$anonfun$map$1(Try.scala:255)
	at scala.util.Success.map(Try.scala:213)
	at scala.concurrent.Future.$anonfun$map$1(Future.scala:292)
	at scala.concurrent.impl.Promise.liftedTree1$1(Promise.scala:33)
	at scala.concurrent.impl.Promise.$anonfun$transform$1(Promise.scala:33)
	at scala.concurrent.impl.CallbackRunnable.run(Promise.scala:64)
	at java.util.concurrent.ThreadPoolExecutor.runWorker(ThreadPoolExecutor.java:1149)
	at java.util.concurrent.ThreadPoolExecutor$Worker.run(ThreadPoolExecutor.java:624)
	at java.lang.Thread.run(Thread.java:748)

2020.09.28 09:53:28 INFO  shutting down Metals
2020.09.28 11:24:42 INFO  started: Metals version 0.9.4 in workspace 'D:\Proyectos\staff\scala-magnolia' for client vscode.
2020.09.28 11:24:43 INFO  time: initialize in 0.63s
2020.09.28 11:24:44 INFO  skipping build import with status 'Installed'
Starting the bsp launcher for bloop...
Opening a bsp server connection with 'bsp --protocol tcp --port 25858'...
Waiting for the bsp connection to come up...
[0m[32m[D][0m Loading workspace settings from bloop.settings.json
[0m[32m[D][0m Waiting for a connection at 127.0.0.1:25858...
The server is listening for incoming connections at tcp://127.0.0.1:25858...
Starting thread that pumps stdin and redirects it to the bsp server...
Starting thread that pumps server stdout and redirects it to the client stdout...
2020.09.28 11:24:46 INFO  tracing is disabled for protocol BSP, to enable tracing of incoming and outgoing JSON messages create an empty file at C:\Users\Joaquin\AppData\Local\scalameta\metals\cache\bsp.trace.json
Starting the bsp launcher for bloop...
Opening a bsp server connection with 'bsp --protocol tcp --port 25584'...
Waiting for the bsp connection to come up...
[0m[32m[D][0m Loading workspace settings from bloop.settings.json
[0m[32m[D][0m Waiting for a connection at 127.0.0.1:25584...
The server is listening for incoming connections at tcp://127.0.0.1:25584...
Starting thread that pumps stdin and redirects it to the bsp server...
Starting thread that pumps server stdout and redirects it to the client stdout...
2020.09.28 11:24:46 INFO  no build target: using presentation compiler with only scala-library
2020.09.28 11:24:46 WARN  no build target for: D:\Proyectos\staff\scala-magnolia\src\main\scala\Main.scala
2020.09.28 11:24:47 INFO  tracing is disabled for protocol BSP, to enable tracing of incoming and outgoing JSON messages create an empty file at C:\Users\Joaquin\AppData\Local\scalameta\metals\cache\bsp.trace.json
2020.09.28 11:24:51 INFO  time: connected to build server in 7.1s
2020.09.28 11:24:51 INFO  Connected to Build server v1.4.4-13-408f4d80
2020.09.28 11:24:51 INFO  time: imported build in 0.52s
2020.09.28 11:25:13 INFO  time: indexed workspace in 21s
2020.09.28 11:25:15 INFO  compiling scala-magnolia (4 scala sources)
2020.09.28 11:25:21 ERROR code navigation does not work for the file 'D:\Proyectos\staff\scala-magnolia\src\main\scala\Main.scala' because the SemanticDB file 'D:\Proyectos\staff\scala-magnolia\.bloop\scala-magnolia\bloop-bsp-clients-classes\classes-Metals-DfC-5AOORta_fRk7x7A5rA==\META-INF\semanticdb\src\main\scala\Main.scala.semanticdb' doesn't exist. There can be many reasons for this error. 
2020.09.28 11:25:37 ERROR code navigation does not work for the file 'D:\Proyectos\staff\scala-magnolia\src\main\scala\Main.scala' because the SemanticDB file 'D:\Proyectos\staff\scala-magnolia\.bloop\scala-magnolia\bloop-bsp-clients-classes\classes-Metals-DfC-5AOORta_fRk7x7A5rA==\META-INF\semanticdb\src\main\scala\Main.scala.semanticdb' doesn't exist. There can be many reasons for this error. 
2020.09.28 11:25:39 ERROR code navigation does not work for the file 'D:\Proyectos\staff\scala-magnolia\src\main\scala\Main.scala' because the SemanticDB file 'D:\Proyectos\staff\scala-magnolia\.bloop\scala-magnolia\bloop-bsp-clients-classes\classes-Metals-DfC-5AOORta_fRk7x7A5rA==\META-INF\semanticdb\src\main\scala\Main.scala.semanticdb' doesn't exist. There can be many reasons for this error. 
2020.09.28 11:25:40 WARN  there were two feature warnings; re-run with -feature for details
2020.09.28 11:25:41 INFO  time: compiled scala-magnolia in 25s
something's wrong: no file:///D:/Proyectos/staff/scala-magnolia/src/main/scala/Main.scala in model.Commander[T]RangePosition(file:///D:/Proyectos/staff/scala-magnolia/src/main/scala/Main.scala, 520, 520, 532)
sep 28, 2020 11:27:16 AM org.eclipse.lsp4j.jsonrpc.services.GenericEndpoint notify
INFORMACIÓN: Unsupported notification method: $/setTraceNotification
sep 28, 2020 11:27:46 AM org.eclipse.lsp4j.jsonrpc.services.GenericEndpoint notify
INFORMACIÓN: Unsupported notification method: $/setTraceNotification
sep 28, 2020 11:28:18 AM org.eclipse.lsp4j.jsonrpc.services.GenericEndpoint notify
INFORMACIÓN: Unsupported notification method: $/setTraceNotification
sep 28, 2020 11:28:36 AM org.eclipse.lsp4j.jsonrpc.services.GenericEndpoint notify
INFORMACIÓN: Unsupported notification method: $/setTraceNotification
2020.09.28 11:30:13 INFO  compiling scala-magnolia (1 scala source)
2020.09.28 11:30:19 INFO  time: compiled scala-magnolia in 6.46s
2020.09.28 11:30:21 INFO  compiling scala-magnolia (1 scala source)
2020.09.28 11:30:24 INFO  time: compiled scala-magnolia in 2.98s
2020.09.28 11:30:27 INFO  compiling scala-magnolia (1 scala source)
2020.09.28 11:30:30 INFO  time: compiled scala-magnolia in 3.37s
sep 28, 2020 11:32:36 AM org.eclipse.lsp4j.jsonrpc.services.GenericEndpoint notify
INFORMACIÓN: Unsupported notification method: $/setTraceNotification
sep 28, 2020 11:51:12 AM org.eclipse.lsp4j.jsonrpc.RemoteEndpoint handleCancellation
ADVERTENCIA: Unmatched cancel notification for request id 139
sep 28, 2020 11:51:16 AM org.eclipse.lsp4j.jsonrpc.RemoteEndpoint handleCancellation
ADVERTENCIA: Unmatched cancel notification for request id 143
2020.09.28 11:51:31 INFO  tracing is disabled for protocol dap-server, to enable tracing of incoming and outgoing JSON messages create an empty file at C:\Users\Joaquin\AppData\Local\scalameta\metals\cache\dap-server.trace.json
2020.09.28 11:51:31 INFO  tracing is disabled for protocol dap-client, to enable tracing of incoming and outgoing JSON messages create an empty file at C:\Users\Joaquin\AppData\Local\scalameta\metals\cache\dap-client.trace.json
2020.09.28 11:51:32 INFO  Starting debug proxy for [Main]
2020.09.28 11:51:34 INFO  Listening for transport dt_socket at address: 60308
2020.09.28 11:51:34 INFO  Trying to attach to remote debuggee VM 127.0.0.1:60308 .
2020.09.28 11:51:35 INFO  Attaching to debuggee VM succeeded.
2020.09.28 11:51:38 INFO  {"coord":"pepe"}
2020.09.28 11:51:38 INFO  List(IObject(Location,ArrayBuffer(IField(y,INumber(11.0)))))
2020.09.28 11:51:38 INFO  Canceling debug proxy for [Main]
sep 28, 2020 11:51:38 AM org.eclipse.lsp4j.jsonrpc.json.StreamMessageProducer fireError
GRAVE: java.net.SocketException: Socket closed
org.eclipse.lsp4j.jsonrpc.JsonRpcException: java.net.SocketException: Socket closed
	at org.eclipse.lsp4j.jsonrpc.json.StreamMessageConsumer.consume(StreamMessageConsumer.java:72)
	at scala.meta.internal.metals.debug.SocketEndpoint.consume(SocketEndpoint.scala:22)
	at scala.meta.internal.metals.debug.MessageIdAdapter.consume(MessageIdAdapter.scala:43)
	at scala.meta.internal.metals.debug.ServerAdapter.send(ServerAdapter.scala:30)
	at scala.meta.internal.metals.debug.DebugProxy.$anonfun$handleClientMessage$1(DebugProxy.scala:85)
	at scala.meta.internal.metals.debug.MessageIdAdapter.$anonfun$listen$1(MessageIdAdapter.scala:57)
	at org.eclipse.lsp4j.jsonrpc.json.StreamMessageProducer.handleMessage(StreamMessageProducer.java:194)
	at org.eclipse.lsp4j.jsonrpc.json.StreamMessageProducer.listen(StreamMessageProducer.java:94)
	at scala.meta.internal.metals.debug.SocketEndpoint.listen(SocketEndpoint.scala:26)
	at scala.meta.internal.metals.debug.MessageIdAdapter.listen(MessageIdAdapter.scala:47)
	at scala.meta.internal.metals.debug.DebugProxy.$anonfun$listenToClient$1(DebugProxy.scala:50)
	at scala.runtime.java8.JFunction0$mcV$sp.apply(JFunction0$mcV$sp.java:23)
	at scala.concurrent.Future$.$anonfun$apply$1(Future.scala:659)
	at scala.util.Success.$anonfun$map$1(Try.scala:255)
	at scala.util.Success.map(Try.scala:213)
	at scala.concurrent.Future.$anonfun$map$1(Future.scala:292)
	at scala.concurrent.impl.Promise.liftedTree1$1(Promise.scala:33)
	at scala.concurrent.impl.Promise.$anonfun$transform$1(Promise.scala:33)
	at scala.concurrent.impl.CallbackRunnable.run(Promise.scala:64)
	at java.util.concurrent.ThreadPoolExecutor.runWorker(ThreadPoolExecutor.java:1149)
	at java.util.concurrent.ThreadPoolExecutor$Worker.run(ThreadPoolExecutor.java:624)
	at java.lang.Thread.run(Thread.java:748)
Caused by: java.net.SocketException: Socket closed
	at java.net.SocketOutputStream.socketWrite(SocketOutputStream.java:118)
	at java.net.SocketOutputStream.write(SocketOutputStream.java:155)
	at java.io.BufferedOutputStream.flushBuffer(BufferedOutputStream.java:82)
	at java.io.BufferedOutputStream.flush(BufferedOutputStream.java:140)
	at org.eclipse.lsp4j.jsonrpc.json.StreamMessageConsumer.consume(StreamMessageConsumer.java:69)
	... 21 more

sep 28, 2020 11:52:12 AM org.eclipse.lsp4j.jsonrpc.services.GenericEndpoint notify
INFORMACIÓN: Unsupported notification method: $/setTraceNotification
sep 28, 2020 11:58:06 AM org.eclipse.lsp4j.jsonrpc.RemoteEndpoint handleCancellation
ADVERTENCIA: Unmatched cancel notification for request id 174
sep 28, 2020 11:58:06 AM org.eclipse.lsp4j.jsonrpc.RemoteEndpoint handleCancellation
ADVERTENCIA: Unmatched cancel notification for request id 178
sep 28, 2020 11:58:06 AM org.eclipse.lsp4j.jsonrpc.RemoteEndpoint handleCancellation
ADVERTENCIA: Unmatched cancel notification for request id 177
sep 28, 2020 11:58:06 AM org.eclipse.lsp4j.jsonrpc.RemoteEndpoint handleCancellation
ADVERTENCIA: Unmatched cancel notification for request id 179
sep 28, 2020 11:58:06 AM org.eclipse.lsp4j.jsonrpc.RemoteEndpoint handleCancellation
ADVERTENCIA: Unmatched cancel notification for request id 176
2020.09.28 12:01:20 INFO  compiling scala-magnolia (1 scala source)
2020.09.28 12:01:20 INFO  time: compiled scala-magnolia in 32ms
sep 28, 2020 12:01:20 PM org.eclipse.lsp4j.jsonrpc.RemoteEndpoint handleCancellation
ADVERTENCIA: Unmatched cancel notification for request id 277
sep 28, 2020 12:01:20 PM org.eclipse.lsp4j.jsonrpc.RemoteEndpoint handleCancellation
ADVERTENCIA: Unmatched cancel notification for request id 275
something's wrong: no file:///D:/Proyectos/staff/scala-magnolia/src/main/scala/model/package.scala in scala.concurrent.Future[<error>]RangePosition(file:///D:/Proyectos/staff/scala-magnolia/src/main/scala/model/package.scala, 247, 247, 263)
2020.09.28 12:01:21 INFO  compiling scala-magnolia (1 scala source)
2020.09.28 12:01:21 INFO  time: compiled scala-magnolia in 0.22s
2020.09.28 12:01:26 INFO  compiling scala-magnolia (1 scala source)
2020.09.28 12:01:30 INFO  time: compiled scala-magnolia in 3.97s
2020.09.28 12:01:47 INFO  compiling scala-magnolia (1 scala source)
2020.09.28 12:01:47 INFO  time: compiled scala-magnolia in 0.95s
2020.09.28 12:01:51 INFO  compiling scala-magnolia (1 scala source)
2020.09.28 12:01:55 WARN  there was one feature warning; re-run with -feature for details
2020.09.28 12:01:55 INFO  time: compiled scala-magnolia in 3.56s
2020.09.28 12:01:55 INFO  compiling scala-magnolia (1 scala source)
2020.09.28 12:01:56 WARN  there was one feature warning; re-run with -feature for details
2020.09.28 12:01:56 INFO  time: compiled scala-magnolia in 1.77s
sep 28, 2020 12:03:04 PM org.eclipse.lsp4j.jsonrpc.services.GenericEndpoint notify
INFORMACIÓN: Unsupported notification method: $/setTraceNotification
sep 28, 2020 12:12:28 PM org.eclipse.lsp4j.jsonrpc.RemoteEndpoint handleCancellation
ADVERTENCIA: Unmatched cancel notification for request id 355
2020.09.28 12:13:21 INFO  compiling scala-magnolia (1 scala source)
2020.09.28 12:13:24 INFO  time: compiled scala-magnolia in 2.88s
sep 28, 2020 12:13:26 PM org.eclipse.lsp4j.jsonrpc.RemoteEndpoint handleCancellation
ADVERTENCIA: Unmatched cancel notification for request id 393
2020.09.28 12:13:28 INFO  compiling scala-magnolia (1 scala source)
sep 28, 2020 12:13:28 PM scala.meta.internal.pc.CompilerAccess retryWithCleanCompiler
INFORMACIÓN: compiler crashed due to an error in the Scala compiler, retrying with new compiler instance.
sep 28, 2020 12:13:28 PM scala.meta.internal.pc.CompilerAccess handleError
GRAVE: implicit class <error> extends  (of class scala.reflect.internal.Trees$ClassDef)
scala.MatchError: implicit class <error> extends  (of class scala.reflect.internal.Trees$ClassDef)
	at scala.tools.nsc.typechecker.Unapplies.constrParamss(Unapplies.scala:64)
	at scala.tools.nsc.typechecker.Unapplies.factoryMeth(Unapplies.scala:141)
	at scala.tools.nsc.typechecker.Unapplies.factoryMeth$(Unapplies.scala:138)
	at scala.meta.internal.pc.MetalsGlobal$MetalsInteractiveAnalyzer.factoryMeth(MetalsGlobal.scala:58)
	at scala.tools.nsc.typechecker.MethodSynthesis$MethodSynth.enterImplicitWrapper(MethodSynthesis.scala:229)
	at scala.tools.nsc.typechecker.MethodSynthesis$MethodSynth.enterImplicitWrapper$(MethodSynthesis.scala:228)
	at scala.tools.nsc.typechecker.Namers$Namer.enterImplicitWrapper(Namers.scala:58)
	at scala.tools.nsc.interactive.InteractiveAnalyzer$InteractiveNamer.enterExistingSym(Global.scala:94)
	at scala.tools.nsc.interactive.InteractiveAnalyzer$InteractiveNamer.enterExistingSym$(Global.scala:80)
	at scala.tools.nsc.interactive.InteractiveAnalyzer$$anon$2.enterExistingSym(Global.scala:51)
	at scala.tools.nsc.typechecker.Namers$Namer.standardEnterSym(Namers.scala:298)
	at scala.tools.nsc.typechecker.AnalyzerPlugins.pluginsEnterSym(AnalyzerPlugins.scala:479)
	at scala.tools.nsc.typechecker.AnalyzerPlugins.pluginsEnterSym$(AnalyzerPlugins.scala:478)
	at scala.meta.internal.pc.MetalsGlobal$MetalsInteractiveAnalyzer.pluginsEnterSym(MetalsGlobal.scala:58)
	at scala.tools.nsc.typechecker.Namers$Namer.enterSym(Namers.scala:272)
	at scala.tools.nsc.typechecker.Typers$Typer.enterSym(Typers.scala:1933)
	at scala.tools.nsc.typechecker.Typers$Typer.$anonfun$enterSyms$1(Typers.scala:1928)
	at scala.tools.nsc.typechecker.Typers$Typer.enterSyms(Typers.scala:1928)
	at scala.tools.nsc.typechecker.Typers$Typer.typedTemplate(Typers.scala:1990)
	at scala.tools.nsc.typechecker.Typers$Typer.typedModuleDef(Typers.scala:1883)
	at scala.tools.nsc.typechecker.Typers$Typer.typed1(Typers.scala:5654)
	at scala.tools.nsc.typechecker.Typers$Typer.typed(Typers.scala:5733)
	at scala.tools.nsc.typechecker.Typers$Typer.typedStat$1(Typers.scala:5797)
	at scala.tools.nsc.typechecker.Typers$Typer.$anonfun$typedStats$10(Typers.scala:3357)
	at scala.tools.nsc.typechecker.Typers$Typer.typedStats(Typers.scala:3357)
	at scala.tools.nsc.typechecker.Typers$Typer.typedPackageDef$1(Typers.scala:5363)
	at scala.tools.nsc.typechecker.Typers$Typer.typed1(Typers.scala:5656)
	at scala.tools.nsc.typechecker.Typers$Typer.typed(Typers.scala:5733)
	at scala.tools.nsc.typechecker.Analyzer$typerFactory$TyperPhase.apply(Analyzer.scala:115)
	at scala.tools.nsc.Global$GlobalPhase.applyPhase(Global.scala:451)
	at scala.tools.nsc.interactive.Global$TyperRun.$anonfun$applyPhase$1(Global.scala:1340)
	at scala.tools.nsc.interactive.Global$TyperRun.applyPhase(Global.scala:1340)
	at scala.tools.nsc.interactive.Global$TyperRun.typeCheck(Global.scala:1333)
	at scala.tools.nsc.interactive.Global.typeCheck(Global.scala:665)
	at scala.tools.nsc.interactive.Global.typedTreeAt(Global.scala:814)
	at scala.tools.nsc.interactive.Global.completionsAt(Global.scala:1225)
	at scala.meta.internal.pc.CompletionProvider.safeCompletionsAt(CompletionProvider.scala:397)
	at scala.meta.internal.pc.CompletionProvider.completions(CompletionProvider.scala:57)

2020.09.28 12:13:28 INFO  time: compiled scala-magnolia in 0.24s
sep 28, 2020 12:13:29 PM scala.meta.internal.pc.CompilerAccess retryWithCleanCompiler
INFORMACIÓN: compiler crashed due to an error in the Scala compiler, retrying with new compiler instance.
sep 28, 2020 12:13:29 PM scala.meta.internal.pc.CompilerAccess handleError
GRAVE: implicit class <error> extends  (of class scala.reflect.internal.Trees$ClassDef)
scala.MatchError: implicit class <error> extends  (of class scala.reflect.internal.Trees$ClassDef)
	at scala.tools.nsc.typechecker.Unapplies.constrParamss(Unapplies.scala:64)
	at scala.tools.nsc.typechecker.Unapplies.factoryMeth(Unapplies.scala:141)
	at scala.tools.nsc.typechecker.Unapplies.factoryMeth$(Unapplies.scala:138)
	at scala.meta.internal.pc.MetalsGlobal$MetalsInteractiveAnalyzer.factoryMeth(MetalsGlobal.scala:58)
	at scala.tools.nsc.typechecker.MethodSynthesis$MethodSynth.enterImplicitWrapper(MethodSynthesis.scala:229)
	at scala.tools.nsc.typechecker.MethodSynthesis$MethodSynth.enterImplicitWrapper$(MethodSynthesis.scala:228)
	at scala.tools.nsc.typechecker.Namers$Namer.enterImplicitWrapper(Namers.scala:58)
	at scala.tools.nsc.interactive.InteractiveAnalyzer$InteractiveNamer.enterExistingSym(Global.scala:94)
	at scala.tools.nsc.interactive.InteractiveAnalyzer$InteractiveNamer.enterExistingSym$(Global.scala:80)
	at scala.tools.nsc.interactive.InteractiveAnalyzer$$anon$2.enterExistingSym(Global.scala:51)
	at scala.tools.nsc.typechecker.Namers$Namer.standardEnterSym(Namers.scala:298)
	at scala.tools.nsc.typechecker.AnalyzerPlugins.pluginsEnterSym(AnalyzerPlugins.scala:479)
	at scala.tools.nsc.typechecker.AnalyzerPlugins.pluginsEnterSym$(AnalyzerPlugins.scala:478)
	at scala.meta.internal.pc.MetalsGlobal$MetalsInteractiveAnalyzer.pluginsEnterSym(MetalsGlobal.scala:58)
	at scala.tools.nsc.typechecker.Namers$Namer.enterSym(Namers.scala:272)
	at scala.tools.nsc.typechecker.Typers$Typer.enterSym(Typers.scala:1933)
	at scala.tools.nsc.typechecker.Typers$Typer.$anonfun$enterSyms$1(Typers.scala:1928)
	at scala.tools.nsc.typechecker.Typers$Typer.enterSyms(Typers.scala:1928)
	at scala.tools.nsc.typechecker.Typers$Typer.typedTemplate(Typers.scala:1990)
	at scala.tools.nsc.typechecker.Typers$Typer.typedModuleDef(Typers.scala:1883)
	at scala.tools.nsc.typechecker.Typers$Typer.typed1(Typers.scala:5654)
	at scala.tools.nsc.typechecker.Typers$Typer.typed(Typers.scala:5733)
	at scala.tools.nsc.typechecker.Typers$Typer.typedStat$1(Typers.scala:5797)
	at scala.tools.nsc.typechecker.Typers$Typer.$anonfun$typedStats$10(Typers.scala:3357)
	at scala.tools.nsc.typechecker.Typers$Typer.typedStats(Typers.scala:3357)
	at scala.tools.nsc.typechecker.Typers$Typer.typedPackageDef$1(Typers.scala:5363)
	at scala.tools.nsc.typechecker.Typers$Typer.typed1(Typers.scala:5656)
	at scala.tools.nsc.typechecker.Typers$Typer.typed(Typers.scala:5733)
	at scala.tools.nsc.typechecker.Analyzer$typerFactory$TyperPhase.apply(Analyzer.scala:115)
	at scala.tools.nsc.Global$GlobalPhase.applyPhase(Global.scala:451)
	at scala.tools.nsc.interactive.Global$TyperRun.$anonfun$applyPhase$1(Global.scala:1340)
	at scala.tools.nsc.interactive.Global$TyperRun.applyPhase(Global.scala:1340)
	at scala.tools.nsc.interactive.Global$TyperRun.typeCheck(Global.scala:1333)
	at scala.tools.nsc.interactive.Global.typeCheck(Global.scala:665)
	at scala.tools.nsc.interactive.Global.typedTreeAt(Global.scala:814)
	at scala.tools.nsc.interactive.Global.completionsAt(Global.scala:1225)
	at scala.meta.internal.pc.CompletionProvider.safeCompletionsAt(CompletionProvider.scala:397)
	at scala.meta.internal.pc.CompletionProvider.completions(CompletionProvider.scala:57)

sep 28, 2020 12:13:29 PM scala.meta.internal.pc.CompilerAccess retryWithCleanCompiler
INFORMACIÓN: compiler crashed due to an error in the Scala compiler, retrying with new compiler instance.
sep 28, 2020 12:13:29 PM scala.meta.internal.pc.CompilerAccess handleError
GRAVE: implicit class <error> extends  (of class scala.reflect.internal.Trees$ClassDef)
scala.MatchError: implicit class <error> extends  (of class scala.reflect.internal.Trees$ClassDef)
	at scala.tools.nsc.typechecker.Unapplies.constrParamss(Unapplies.scala:64)
	at scala.tools.nsc.typechecker.Unapplies.factoryMeth(Unapplies.scala:141)
	at scala.tools.nsc.typechecker.Unapplies.factoryMeth$(Unapplies.scala:138)
	at scala.meta.internal.pc.MetalsGlobal$MetalsInteractiveAnalyzer.factoryMeth(MetalsGlobal.scala:58)
	at scala.tools.nsc.typechecker.MethodSynthesis$MethodSynth.enterImplicitWrapper(MethodSynthesis.scala:229)
	at scala.tools.nsc.typechecker.MethodSynthesis$MethodSynth.enterImplicitWrapper$(MethodSynthesis.scala:228)
	at scala.tools.nsc.typechecker.Namers$Namer.enterImplicitWrapper(Namers.scala:58)
	at scala.tools.nsc.interactive.InteractiveAnalyzer$InteractiveNamer.enterExistingSym(Global.scala:94)
	at scala.tools.nsc.interactive.InteractiveAnalyzer$InteractiveNamer.enterExistingSym$(Global.scala:80)
	at scala.tools.nsc.interactive.InteractiveAnalyzer$$anon$2.enterExistingSym(Global.scala:51)
	at scala.tools.nsc.typechecker.Namers$Namer.standardEnterSym(Namers.scala:298)
	at scala.tools.nsc.typechecker.AnalyzerPlugins.pluginsEnterSym(AnalyzerPlugins.scala:479)
	at scala.tools.nsc.typechecker.AnalyzerPlugins.pluginsEnterSym$(AnalyzerPlugins.scala:478)
	at scala.meta.internal.pc.MetalsGlobal$MetalsInteractiveAnalyzer.pluginsEnterSym(MetalsGlobal.scala:58)
	at scala.tools.nsc.typechecker.Namers$Namer.enterSym(Namers.scala:272)
	at scala.tools.nsc.typechecker.Typers$Typer.enterSym(Typers.scala:1933)
	at scala.tools.nsc.typechecker.Typers$Typer.$anonfun$enterSyms$1(Typers.scala:1928)
	at scala.tools.nsc.typechecker.Typers$Typer.enterSyms(Typers.scala:1928)
	at scala.tools.nsc.typechecker.Typers$Typer.typedTemplate(Typers.scala:1990)
	at scala.tools.nsc.typechecker.Typers$Typer.typedModuleDef(Typers.scala:1883)
	at scala.tools.nsc.typechecker.Typers$Typer.typed1(Typers.scala:5654)
	at scala.tools.nsc.typechecker.Typers$Typer.typed(Typers.scala:5733)
	at scala.tools.nsc.typechecker.Typers$Typer.typedStat$1(Typers.scala:5797)
	at scala.tools.nsc.typechecker.Typers$Typer.$anonfun$typedStats$10(Typers.scala:3357)
	at scala.tools.nsc.typechecker.Typers$Typer.typedStats(Typers.scala:3357)
	at scala.tools.nsc.typechecker.Typers$Typer.typedPackageDef$1(Typers.scala:5363)
	at scala.tools.nsc.typechecker.Typers$Typer.typed1(Typers.scala:5656)
	at scala.tools.nsc.typechecker.Typers$Typer.typed(Typers.scala:5733)
	at scala.tools.nsc.typechecker.Analyzer$typerFactory$TyperPhase.apply(Analyzer.scala:115)
	at scala.tools.nsc.Global$GlobalPhase.applyPhase(Global.scala:451)
	at scala.tools.nsc.interactive.Global$TyperRun.$anonfun$applyPhase$1(Global.scala:1340)
	at scala.tools.nsc.interactive.Global$TyperRun.applyPhase(Global.scala:1340)
	at scala.tools.nsc.interactive.Global$TyperRun.typeCheck(Global.scala:1333)
	at scala.tools.nsc.interactive.Global.typeCheck(Global.scala:665)
	at scala.tools.nsc.interactive.Global.typedTreeAt(Global.scala:814)
	at scala.tools.nsc.interactive.Global.completionsAt(Global.scala:1225)
	at scala.meta.internal.pc.CompletionProvider.safeCompletionsAt(CompletionProvider.scala:397)
	at scala.meta.internal.pc.CompletionProvider.completions(CompletionProvider.scala:57)

sep 28, 2020 12:13:30 PM scala.meta.internal.pc.CompilerAccess retryWithCleanCompiler
INFORMACIÓN: compiler crashed due to an error in the Scala compiler, retrying with new compiler instance.
sep 28, 2020 12:13:30 PM scala.meta.internal.pc.CompilerAccess handleError
GRAVE: implicit class <error> extends  (of class scala.reflect.internal.Trees$ClassDef)
scala.MatchError: implicit class <error> extends  (of class scala.reflect.internal.Trees$ClassDef)
	at scala.tools.nsc.typechecker.Unapplies.constrParamss(Unapplies.scala:64)
	at scala.tools.nsc.typechecker.Unapplies.factoryMeth(Unapplies.scala:141)
	at scala.tools.nsc.typechecker.Unapplies.factoryMeth$(Unapplies.scala:138)
	at scala.meta.internal.pc.MetalsGlobal$MetalsInteractiveAnalyzer.factoryMeth(MetalsGlobal.scala:58)
	at scala.tools.nsc.typechecker.MethodSynthesis$MethodSynth.enterImplicitWrapper(MethodSynthesis.scala:229)
	at scala.tools.nsc.typechecker.MethodSynthesis$MethodSynth.enterImplicitWrapper$(MethodSynthesis.scala:228)
	at scala.tools.nsc.typechecker.Namers$Namer.enterImplicitWrapper(Namers.scala:58)
	at scala.tools.nsc.interactive.InteractiveAnalyzer$InteractiveNamer.enterExistingSym(Global.scala:94)
	at scala.tools.nsc.interactive.InteractiveAnalyzer$InteractiveNamer.enterExistingSym$(Global.scala:80)
	at scala.tools.nsc.interactive.InteractiveAnalyzer$$anon$2.enterExistingSym(Global.scala:51)
	at scala.tools.nsc.typechecker.Namers$Namer.standardEnterSym(Namers.scala:298)
	at scala.tools.nsc.typechecker.AnalyzerPlugins.pluginsEnterSym(AnalyzerPlugins.scala:479)
	at scala.tools.nsc.typechecker.AnalyzerPlugins.pluginsEnterSym$(AnalyzerPlugins.scala:478)
	at scala.meta.internal.pc.MetalsGlobal$MetalsInteractiveAnalyzer.pluginsEnterSym(MetalsGlobal.scala:58)
	at scala.tools.nsc.typechecker.Namers$Namer.enterSym(Namers.scala:272)
	at scala.tools.nsc.typechecker.Typers$Typer.enterSym(Typers.scala:1933)
	at scala.tools.nsc.typechecker.Typers$Typer.$anonfun$enterSyms$1(Typers.scala:1928)
	at scala.tools.nsc.typechecker.Typers$Typer.enterSyms(Typers.scala:1928)
	at scala.tools.nsc.typechecker.Typers$Typer.typedTemplate(Typers.scala:1990)
	at scala.tools.nsc.typechecker.Typers$Typer.typedModuleDef(Typers.scala:1883)
	at scala.tools.nsc.typechecker.Typers$Typer.typed1(Typers.scala:5654)
	at scala.tools.nsc.typechecker.Typers$Typer.typed(Typers.scala:5733)
	at scala.tools.nsc.typechecker.Typers$Typer.typedStat$1(Typers.scala:5797)
	at scala.tools.nsc.typechecker.Typers$Typer.$anonfun$typedStats$10(Typers.scala:3357)
	at scala.tools.nsc.typechecker.Typers$Typer.typedStats(Typers.scala:3357)
	at scala.tools.nsc.typechecker.Typers$Typer.typedPackageDef$1(Typers.scala:5363)
	at scala.tools.nsc.typechecker.Typers$Typer.typed1(Typers.scala:5656)
	at scala.tools.nsc.typechecker.Typers$Typer.typed(Typers.scala:5733)
	at scala.tools.nsc.typechecker.Analyzer$typerFactory$TyperPhase.apply(Analyzer.scala:115)
	at scala.tools.nsc.Global$GlobalPhase.applyPhase(Global.scala:451)
	at scala.tools.nsc.interactive.Global$TyperRun.$anonfun$applyPhase$1(Global.scala:1340)
	at scala.tools.nsc.interactive.Global$TyperRun.applyPhase(Global.scala:1340)
	at scala.tools.nsc.interactive.Global$TyperRun.typeCheck(Global.scala:1333)
	at scala.tools.nsc.interactive.Global.typeCheck(Global.scala:665)
	at scala.tools.nsc.interactive.Global.typedTreeAt(Global.scala:814)
	at scala.tools.nsc.interactive.Global.completionsAt(Global.scala:1225)
	at scala.meta.internal.pc.CompletionProvider.safeCompletionsAt(CompletionProvider.scala:397)
	at scala.meta.internal.pc.CompletionProvider.completions(CompletionProvider.scala:57)

2020.09.28 12:13:31 INFO  compiling scala-magnolia (1 scala source)
2020.09.28 12:13:31 INFO  time: compiled scala-magnolia in 0.19s
sep 28, 2020 12:14:12 PM org.eclipse.lsp4j.jsonrpc.RemoteEndpoint handleCancellation
ADVERTENCIA: Unmatched cancel notification for request id 423
2020.09.28 12:17:41 INFO  compiling scala-magnolia (2 scala sources)
2020.09.28 12:17:42 INFO  time: compiled scala-magnolia in 1.05s
2020.09.28 12:17:45 INFO  compiling scala-magnolia (2 scala sources)
2020.09.28 12:17:45 INFO  time: compiled scala-magnolia in 0.19s
2020.09.28 12:17:52 INFO  compiling scala-magnolia (2 scala sources)
2020.09.28 12:17:52 INFO  time: compiled scala-magnolia in 0.65s
2020.09.28 12:17:55 INFO  compiling scala-magnolia (2 scala sources)
2020.09.28 12:17:55 INFO  time: compiled scala-magnolia in 0.38s
something's wrong: no file:///D:/Proyectos/staff/scala-magnolia/src/main/scala/EncoderTypeDerivation.scala in model.Commander[T]RangePosition(file:///D:/Proyectos/staff/scala-magnolia/src/main/scala/EncoderTypeDerivation.scala, 268, 268, 280)
2020.09.28 12:17:58 INFO  compiling scala-magnolia (2 scala sources)
2020.09.28 12:17:58 INFO  time: compiled scala-magnolia in 0.38s
2020.09.28 12:18:01 INFO  compiling scala-magnolia (2 scala sources)
2020.09.28 12:18:01 INFO  time: compiled scala-magnolia in 0.33s
2020.09.28 12:18:13 ERROR code navigation does not work for the file 'D:\Proyectos\staff\scala-magnolia\src\main\scala\EncoderTypeDerivation.scala' because the SemanticDB file 'D:\Proyectos\staff\scala-magnolia\.bloop\scala-magnolia\bloop-bsp-clients-classes\classes-Metals-DfC-5AOORta_fRk7x7A5rA==\META-INF\semanticdb\src\main\scala\EncoderTypeDerivation.scala.semanticdb' doesn't exist. There can be many reasons for this error. 
2020.09.28 12:18:13 INFO  compiling scala-magnolia (2 scala sources)
2020.09.28 12:18:13 INFO  time: compiled scala-magnolia in 0.19s
2020.09.28 12:18:17 ERROR code navigation does not work for the file 'D:\Proyectos\staff\scala-magnolia\src\main\scala\EncoderTypeDerivation.scala' because the SemanticDB file 'D:\Proyectos\staff\scala-magnolia\.bloop\scala-magnolia\bloop-bsp-clients-classes\classes-Metals-DfC-5AOORta_fRk7x7A5rA==\META-INF\semanticdb\src\main\scala\EncoderTypeDerivation.scala.semanticdb' doesn't exist. There can be many reasons for this error. 
something's wrong: no file:///D:/Proyectos/staff/scala-magnolia/src/main/scala/EncoderTypeDerivation.scala in model.Encoder[T]RangePosition(file:///D:/Proyectos/staff/scala-magnolia/src/main/scala/EncoderTypeDerivation.scala, 268, 268, 278)
something's wrong: no file:///D:/Proyectos/staff/scala-magnolia/src/main/scala/EncoderTypeDerivation.scala in magnolia.CaseClass[model.Commander,T]RangePosition(file:///D:/Proyectos/staff/scala-magnolia/src/main/scala/EncoderTypeDerivation.scala, 304, 304, 327)
2020.09.28 12:18:31 INFO  compiling scala-magnolia (2 scala sources)
2020.09.28 12:18:31 INFO  time: compiled scala-magnolia in 0.72s
2020.09.28 12:18:42 INFO  compiling scala-magnolia (2 scala sources)
2020.09.28 12:18:42 INFO  time: compiled scala-magnolia in 0.16s
2020.09.28 12:18:51 INFO  compiling scala-magnolia (2 scala sources)
2020.09.28 12:18:51 INFO  time: compiled scala-magnolia in 0.13s
2020.09.28 12:18:56 INFO  compiling scala-magnolia (2 scala sources)
2020.09.28 12:18:56 INFO  time: compiled scala-magnolia in 0.18s
sep 28, 2020 12:18:59 PM org.eclipse.lsp4j.jsonrpc.RemoteEndpoint handleCancellation
ADVERTENCIA: Unmatched cancel notification for request id 548
sep 28, 2020 12:18:59 PM org.eclipse.lsp4j.jsonrpc.RemoteEndpoint handleCancellation
ADVERTENCIA: Unmatched cancel notification for request id 549
sep 28, 2020 12:18:59 PM org.eclipse.lsp4j.jsonrpc.RemoteEndpoint handleCancellation
ADVERTENCIA: Unmatched cancel notification for request id 552
2020.09.28 12:19:01 INFO  compiling scala-magnolia (2 scala sources)
2020.09.28 12:19:01 INFO  time: compiled scala-magnolia in 0.36s
something's wrong: no file:///D:/Proyectos/staff/scala-magnolia/src/main/scala/EncoderTypeDerivation.scala in model.Encoder[T]RangePosition(file:///D:/Proyectos/staff/scala-magnolia/src/main/scala/EncoderTypeDerivation.scala, 268, 268, 278)
2020.09.28 12:19:22 INFO  compiling scala-magnolia (2 scala sources)
2020.09.28 12:19:22 INFO  time: compiled scala-magnolia in 0.94s
sep 28, 2020 12:19:32 PM org.eclipse.lsp4j.jsonrpc.RemoteEndpoint handleCancellation
ADVERTENCIA: Unmatched cancel notification for request id 595
2020.09.28 12:19:35 INFO  compiling scala-magnolia (2 scala sources)
2020.09.28 12:19:37 INFO  time: compiled scala-magnolia in 2.36s
2020.09.28 12:19:39 INFO  compiling scala-magnolia (2 scala sources)
2020.09.28 12:19:39 INFO  time: compiled scala-magnolia in 0.36s
2020.09.28 12:19:47 INFO  compiling scala-magnolia (2 scala sources)
2020.09.28 12:19:47 INFO  time: compiled scala-magnolia in 0.31s
sep 28, 2020 12:19:48 PM org.eclipse.lsp4j.jsonrpc.RemoteEndpoint handleCancellation
ADVERTENCIA: Unmatched cancel notification for request id 633
sep 28, 2020 12:19:49 PM org.eclipse.lsp4j.jsonrpc.RemoteEndpoint handleCancellation
ADVERTENCIA: Unmatched cancel notification for request id 635
sep 28, 2020 12:19:49 PM org.eclipse.lsp4j.jsonrpc.RemoteEndpoint handleCancellation
ADVERTENCIA: Unmatched cancel notification for request id 637
sep 28, 2020 12:19:49 PM org.eclipse.lsp4j.jsonrpc.RemoteEndpoint handleCancellation
ADVERTENCIA: Unmatched cancel notification for request id 634
sep 28, 2020 12:19:49 PM org.eclipse.lsp4j.jsonrpc.RemoteEndpoint handleCancellation
ADVERTENCIA: Unmatched cancel notification for request id 636
sep 28, 2020 12:19:49 PM org.eclipse.lsp4j.jsonrpc.RemoteEndpoint handleCancellation
ADVERTENCIA: Unmatched cancel notification for request id 638
2020.09.28 12:19:49 INFO  compiling scala-magnolia (2 scala sources)
2020.09.28 12:19:49 INFO  time: compiled scala-magnolia in 0.17s
2020.09.28 12:19:52 INFO  compiling scala-magnolia (2 scala sources)
2020.09.28 12:19:52 INFO  time: compiled scala-magnolia in 0.23s
sep 28, 2020 12:19:55 PM org.eclipse.lsp4j.jsonrpc.RemoteEndpoint handleCancellation
ADVERTENCIA: Unmatched cancel notification for request id 666
sep 28, 2020 12:19:55 PM org.eclipse.lsp4j.jsonrpc.RemoteEndpoint handleCancellation
ADVERTENCIA: Unmatched cancel notification for request id 669
sep 28, 2020 12:19:55 PM org.eclipse.lsp4j.jsonrpc.RemoteEndpoint handleCancellation
ADVERTENCIA: Unmatched cancel notification for request id 665
sep 28, 2020 12:19:55 PM org.eclipse.lsp4j.jsonrpc.RemoteEndpoint handleCancellation
ADVERTENCIA: Unmatched cancel notification for request id 667
sep 28, 2020 12:19:55 PM org.eclipse.lsp4j.jsonrpc.RemoteEndpoint handleCancellation
ADVERTENCIA: Unmatched cancel notification for request id 668
sep 28, 2020 12:19:55 PM org.eclipse.lsp4j.jsonrpc.RemoteEndpoint handleCancellation
ADVERTENCIA: Unmatched cancel notification for request id 671
sep 28, 2020 12:19:55 PM org.eclipse.lsp4j.jsonrpc.RemoteEndpoint handleCancellation
ADVERTENCIA: Unmatched cancel notification for request id 670
2020.09.28 12:19:57 INFO  compiling scala-magnolia (2 scala sources)
2020.09.28 12:19:57 INFO  time: compiled scala-magnolia in 0.84s
2020.09.28 12:20:00 INFO  compiling scala-magnolia (2 scala sources)
2020.09.28 12:20:00 INFO  time: compiled scala-magnolia in 0.29s
2020.09.28 12:20:03 INFO  compiling scala-magnolia (2 scala sources)
2020.09.28 12:20:03 INFO  time: compiled scala-magnolia in 0.37s
2020.09.28 12:20:05 INFO  compiling scala-magnolia (2 scala sources)
2020.09.28 12:20:05 INFO  time: compiled scala-magnolia in 0.37s
2020.09.28 12:20:09 INFO  compiling scala-magnolia (2 scala sources)
2020.09.28 12:20:09 INFO  time: compiled scala-magnolia in 0.43s
2020.09.28 12:20:12 INFO  compiling scala-magnolia (2 scala sources)
2020.09.28 12:20:12 INFO  time: compiled scala-magnolia in 0.39s
2020.09.28 12:20:18 ERROR code navigation does not work for the file 'D:\Proyectos\staff\scala-magnolia\src\main\scala\EncoderTypeDerivation.scala' because the SemanticDB file 'D:\Proyectos\staff\scala-magnolia\.bloop\scala-magnolia\bloop-bsp-clients-classes\classes-Metals-DfC-5AOORta_fRk7x7A5rA==\META-INF\semanticdb\src\main\scala\EncoderTypeDerivation.scala.semanticdb' doesn't exist. There can be many reasons for this error. 
sep 28, 2020 12:20:19 PM org.eclipse.lsp4j.jsonrpc.RemoteEndpoint handleCancellation
ADVERTENCIA: Unmatched cancel notification for request id 731
2020.09.28 12:20:57 INFO  shutting down Metals
No more data in the client stdin, exiting...
No more data in the server stdin, exiting...
No more data in the server stdin, exiting...
No more data in the client stdin, exiting...
2020.09.29 19:43:20 INFO  started: Metals version 0.9.4 in workspace 'D:\Proyectos\staff\scala-magnolia' for client vscode.
2020.09.29 19:43:21 INFO  time: initialize in 0.47s
Starting the bsp launcher for bloop...
Opening a bsp server connection with 'bsp --protocol tcp --port 18907'...
Waiting for the bsp connection to come up...
Waiting for the bsp connection to come up...
2020.09.29 19:43:24 INFO  no build target: using presentation compiler with only scala-library
2020.09.29 19:43:24 WARN  no build target for: D:\Proyectos\staff\scala-magnolia\src\main\scala\EncoderTypeDerivation.scala
Waiting for the bsp connection to come up...
Waiting for the bsp connection to come up...
Waiting for the bsp connection to come up...
Waiting for the bsp connection to come up...
No server running at 127.0.0.1:8212, let's fire one...
Resolving ch.epfl.scala:bloop-frontend_2.12:1.4.4-13-408f4d80...
Starting bloop server at 127.0.0.1:8212...
Attempting a connection to the server...
[0m[32m[D][0m Loading workspace settings from bloop.settings.json
[0m[32m[D][0m Loading 2 projects from 'd:\Proyectos\staff\scala-magnolia\.bloop'...
[0m[32m[D][0m Loading project from 'd:\Proyectos\staff\scala-magnolia\.bloop\scala-magnolia.json'
[0m[32m[D][0m Loading project from 'd:\Proyectos\staff\scala-magnolia\.bloop\scala-magnolia-test.json'
[0m[32m[D][0m Cache miss for scala instance org.scala-lang:scala-compiler:2.12.11.
[0m[32m[D][0m   => C:\Users\Joaquin\AppData\Local\Coursier\cache\v1\https\repo1.maven.org\maven2\jline\jline\2.14.6\jline-2.14.6.jar
[0m[32m[D][0m   => C:\Users\Joaquin\AppData\Local\Coursier\cache\v1\https\repo1.maven.org\maven2\org\fusesource\jansi\jansi\1.12\jansi-1.12.jar
[0m[32m[D][0m   => C:\Users\Joaquin\AppData\Local\Coursier\cache\v1\https\repo1.maven.org\maven2\org\scala-lang\modules\scala-xml_2.12\1.0.6\scala-xml_2.12-1.0.6.jar
[0m[32m[D][0m   => C:\Users\Joaquin\AppData\Local\Coursier\cache\v1\https\repo1.maven.org\maven2\org\scala-lang\scala-compiler\2.12.11\scala-compiler-2.12.11.jar
[0m[32m[D][0m   => C:\Users\Joaquin\AppData\Local\Coursier\cache\v1\https\repo1.maven.org\maven2\org\scala-lang\scala-library\2.12.11\scala-library-2.12.11.jar
[0m[32m[D][0m   => C:\Users\Joaquin\AppData\Local\Coursier\cache\v1\https\repo1.maven.org\maven2\org\scala-lang\scala-reflect\2.12.11\scala-reflect-2.12.11.jar
[0m[32m[D][0m Configured SemanticDB in projects 'scala-magnolia-test', 'scala-magnolia'
[0m[32m[D][0m Missing analysis file for project 'scala-magnolia-test'
[0m[32m[D][0m Loading previous analysis for 'scala-magnolia' from 'D:\Proyectos\staff\scala-magnolia\target\streams\compile\bloopAnalysisOut\_global\streams\inc_compile_2.12.zip'.
[0m[32m[D][0m Waiting for a connection at 127.0.0.1:18907...
The server is listening for incoming connections at tcp://127.0.0.1:18907...
Starting thread that pumps stdin and redirects it to the bsp server...
Starting thread that pumps server stdout and redirects it to the client stdout...
2020.09.29 19:43:31 INFO  tracing is disabled for protocol BSP, to enable tracing of incoming and outgoing JSON messages create an empty file at C:\Users\Joaquin\AppData\Local\scalameta\metals\cache\bsp.trace.json
Starting the bsp launcher for bloop...
Opening a bsp server connection with 'bsp --protocol tcp --port 23877'...
Waiting for the bsp connection to come up...
[0m[32m[D][0m Loading workspace settings from bloop.settings.json
[0m[32m[D][0m Waiting for a connection at 127.0.0.1:23877...
The server is listening for incoming connections at tcp://127.0.0.1:23877...
Starting thread that pumps stdin and redirects it to the bsp server...
Starting thread that pumps server stdout and redirects it to the client stdout...
2020.09.29 19:43:32 INFO  tracing is disabled for protocol BSP, to enable tracing of incoming and outgoing JSON messages create an empty file at C:\Users\Joaquin\AppData\Local\scalameta\metals\cache\bsp.trace.json
2020.09.29 19:43:32 INFO  time: connected to build server in 10s
2020.09.29 19:43:32 INFO  Connected to Build server v1.4.4-13-408f4d80
2020.09.29 19:43:32 INFO  time: imported build in 0.14s
sep 29, 2020 7:43:36 PM org.eclipse.lsp4j.jsonrpc.services.GenericEndpoint notify
INFORMACIÓN: Unsupported notification method: $/setTraceNotification
2020.09.29 19:43:40 INFO  time: indexed workspace in 7.96s
2020.09.29 19:43:41 INFO  compiling scala-magnolia (6 scala sources)
2020.09.29 19:43:47 INFO  time: compiled scala-magnolia in 6s
2020.09.29 19:51:18 INFO  compiling scala-magnolia (6 scala sources)
2020.09.29 19:51:21 INFO  time: compiled scala-magnolia in 2.86s
2020.09.29 19:51:46 INFO  compiling scala-magnolia (6 scala sources)
2020.09.29 19:51:48 INFO  time: compiled scala-magnolia in 1.75s
2020.09.29 19:53:39 INFO  compiling scala-magnolia (6 scala sources)
2020.09.29 19:53:40 INFO  time: compiled scala-magnolia in 1.25s
2020.09.29 19:53:45 INFO  shutting down Metals
No more data in the client stdin, exiting...
No more data in the server stdin, exiting...
No more data in the client stdin, exiting...
No more data in the server stdin, exiting...
